Arguments: 
  /usr/local/bin/node /usr/local/bin/yarn install

PATH: 
  /usr/local/bin:/usr/bin:/bin:/usr/sbin:/sbin:/java/apache-maven-3.3.9/bin:/java/apache-maven-3.3.9/bin

Yarn version: 
  1.12.3

Node version: 
  8.12.0

Platform: 
  darwin x64

Trace: 
  Error: EEXIST: file already exists, mkdir '/Users/user/Desktop/编程/i-wanna-know/node_modules/awesome-typescript-loader/node_modules/expand-brackets/node_modules'

npm manifest: 
  {
    "private": true,
    "main": "main.js",
    "scripts": {
      "start": "roadhog server",
      "dev": "next",
      "electron": "electron .",
      "build": "roadhog build",
      "lint": "eslint --ext .jsx src",
      "lint:fix": "eslint --fix src",
      "precommit": "yarn lint"
    },
    "dependencies": {
      "ant-design-pro": "^1.3.0",
      "antd": "^3.5.3",
      "apollo-boost": "0.1.6",
      "apollo-cache-inmemory": "1.2.1",
      "apollo-link": "1.2.2",
      "apollo-link-context": "1.0.9",
      "apollo-link-error": "1.0.9",
      "apollo-link-http": "1.5.4",
      "dva": "^2.2.3",
      "electron": "^2.0.6",
      "graphql": "0.13.2",
      "graphql-tag": "2.9.2",
      "immutability-helper-x": "^1.0.5",
      "next": "^6.1.1",
      "prop-types": "^15.6.1",
      "react": "^16.2.0",
      "react-apollo": "2.1.4",
      "react-dom": "^16.2.0",
      "react-lz-editor": "^0.12.1",
      "windlike-utils": "^2.1.6"
    },
    "devDependencies": {
      "babel-plugin-dva-hmr": "^0.4.1",
      "babel-plugin-import": "^1.7.0",
      "babel-plugin-transform-imports": "^1.5.0",
      "babel-plugin-transform-runtime": "^6.23.0",
      "eslint": "^4.14.0",
      "eslint-config-umi": "^0.1.1",
      "eslint-plugin-flowtype": "^2.34.1",
      "eslint-plugin-import": "^2.6.0",
      "eslint-plugin-jsx-a11y": "^5.1.1",
      "eslint-plugin-react": "^7.11.1",
      "eslint-plugin-typescript": "^0.12.0",
      "husky": "^0.12.0",
      "redbox-react": "^1.4.3",
      "roadhog": "^2.0.0",
      "typescript-eslint-parser": "^18.0.0"
    }
  }

yarn manifest: 
  No manifest

Lockfile: 
  No lockfile
